0 info it worked if it ends with ok
1 verbose cli [ '/Users/A12897/.nodebrew/current/bin/node',
1 verbose cli   '/Users/A12897/.nodebrew/current/bin/npm',
1 verbose cli   'start' ]
2 info using npm@1.4.28
3 info using node@v0.10.38
4 verbose node symlink /Users/A12897/.nodebrew/current/bin/node
5 verbose run-script [ 'prestart', 'start', 'poststart' ]
6 info prestart google-play-store-info@0.0.0
7 info start google-play-store-info@0.0.0
8 verbose unsafe-perm in lifecycle true
9 info google-play-store-info@0.0.0 Failed to exec start script
10 error google-play-store-info@0.0.0 start: `node ./bin/www`
10 error Exit status 8
11 error Failed at the google-play-store-info@0.0.0 start script.
11 error This is most likely a problem with the google-play-store-info package,
11 error not with npm itself.
11 error Tell the author that this fails on your system:
11 error     node ./bin/www
11 error You can get their info via:
11 error     npm owner ls google-play-store-info
11 error There is likely additional logging output above.
12 error System Darwin 14.3.0
13 error command "/Users/A12897/.nodebrew/current/bin/node" "/Users/A12897/.nodebrew/current/bin/npm" "start"
14 error cwd /Users/A12897/repos/google-play-store-info/example
15 error node -v v0.10.38
16 error npm -v 1.4.28
17 error code ELIFECYCLE
18 verbose exit [ 1, true ]
